{"/Users/bhavyakandhari/Desktop/waitlist/src/server/db/schema.ts": {"path":"/Users/bhavyakandhari/Desktop/waitlist/src/server/db/schema.ts","statementMap":{"0":{"start":{"line":4,"column":13},"end":{"line":22,"column":null}},"1":{"start":{"line":21,"column":13},"end":{"line":21,"column":null}}},"fnMap":{"0":{"name":"(anonymous_0)","decl":{"start":{"line":21,"column":2},"end":{"line":21,"column":3}},"loc":{"start":{"line":21,"column":13},"end":{"line":21,"column":null}},"line":21}},"branchMap":{},"s":{"0":1,"1":13},"f":{"0":13},"b":{},"meta":{"lastBranch":0,"lastFunction":1,"lastStatement":2,"seen":{"s:4:13:22:Infinity":0,"f:21:2:21:3":0,"s:21:13:21:Infinity":1}}}
,"/Users/bhavyakandhari/Desktop/waitlist/test/get-test-db.ts": {"path":"/Users/bhavyakandhari/Desktop/waitlist/test/get-test-db.ts","statementMap":{"0":{"start":{"line":5,"column":25},"end":{"line":8,"column":null}},"1":{"start":{"line":6,"column":17},"end":{"line":6,"column":null}},"2":{"start":{"line":7,"column":2},"end":{"line":7,"column":null}}},"fnMap":{"0":{"name":"(anonymous_0)","decl":{"start":{"line":5,"column":25},"end":{"line":5,"column":31}},"loc":{"start":{"line":5,"column":31},"end":{"line":8,"column":null}},"line":5}},"branchMap":{},"s":{"0":1,"1":11,"2":11},"f":{"0":11},"b":{},"meta":{"lastBranch":0,"lastFunction":1,"lastStatement":3,"seen":{"s:5:25:8:Infinity":0,"f:5:25:5:31":0,"s:6:17:6:Infinity":1,"s:7:2:7:Infinity":2}}}
}
